#
# A fatal error has been detected by the Java Runtime Environment:
#
#  EXCEPTION_ACCESS_VIOLATION (0xc0000005) at pc=0x0000000065454d9e, pid=8132, tid=9592
#
# JRE version: Java(TM) SE Runtime Environment (8.0_31-b13) (build 1.8.0_31-b13)
# Java VM: Java HotSpot(TM) 64-Bit Server VM (25.31-b07 mixed mode windows-amd64 compressed oops)
# Problematic frame:
# V  [jvm.dll+0x104d9e]
#
# Failed to write core dump. Minidumps are not enabled by default on client versions of Windows
#
# If you would like to submit a bug report, please visit:
#   http://bugreport.java.com/bugreport/crash.jsp
#

---------------  T H R E A D  ---------------

Current thread (0x00000000020df000):  GCTaskThread [stack: 0x0000000011e60000,0x0000000011f60000] [id=9592]

siginfo: ExceptionCode=0xc0000005, reading address 0xffffffffffffffff

Registers:
RAX=0xf801000fc1009200, RBX=0x00000000c30f3fa0, RCX=0x0000000004000004, RDX=0x00000000c30f3fa0
RSP=0x0000000011f5f5d0, RBP=0x00000000c30f3f98, RSI=0x0000000000000003, RDI=0x0000000054feb4e0
R8 =0x0000000004000004, R9 =0x0000000000cbfb59, R10=0x000000000000000c, R11=0x00000000000028c6
R12=0x00000000c30f3f9c, R13=0x000000001471cf40, R14=0x000000001471cf48, R15=0x00000000c30f3f80
RIP=0x0000000065454d9e, EFLAGS=0x0000000000010202

Top of Stack: (sp=0x0000000011f5f5d0)
0x0000000011f5f5d0:   00000000c17b0a58 00000000c30f3f90
0x0000000011f5f5e0:   0000000000000003 0000000054feb4e0
0x0000000011f5f5f0:   0000000000000000 00000000000003d8
0x0000000011f5f600:   00000000020df748 00000000020de770
0x0000000011f5f610:   00000000000028c6 00000000657270a0
0x0000000011f5f620:   0000000055554670 0000000054f754d0
0x0000000011f5f630:   0000000054feb4e0 00000000020df370
0x0000000011f5f640:   0000000000000000 0000000000000c00
0x0000000011f5f650:   0000000000000000 0000000000000000
0x0000000011f5f660:   0000000000000000 0000000059626800
0x0000000011f5f670:   00000000020df001 0000000000000001
0x0000000011f5f680:   0000872351ad7a02 00000000020df748
0x0000000011f5f690:   00000000020df370 00000000000003d8
0x0000000011f5f6a0:   00000000020df370 00000000020de770
0x0000000011f5f6b0:   00000000020df360 0000000054f754d0
0x0000000011f5f6c0:   0000000054feb4e0 0000000065723dfc 

Instructions: (pc=0x0000000065454d9e)
0x0000000065454d7e:   48 ff c8 4c 8d 0c 10 48 f7 d0 49 c1 e9 03 48 c1
0x0000000065454d8e:   e8 03 44 23 c8 eb 12 49 8b 00 48 8b d3 49 8b c8
0x0000000065454d9e:   ff 90 e8 00 00 00 44 8b c8 49 63 f1 48 8d 0d 3f
0x0000000065454dae:   87 6d 00 48 8b d3 4c 8b c6 e8 f4 e5 2c 00 84 c0 


Register to memory mapping:

RAX=0xf801000fc1009200 is an unknown value
RBX=
[error occurred during error reporting (printing register info), id 0xc0000005]

Stack: [0x0000000011e60000,0x0000000011f60000],  sp=0x0000000011f5f5d0,  free space=1021k
Native frames: (J=compiled Java code, j=interpreted, Vv=VM code, C=native code)
V  [jvm.dll+0x104d9e]
V  [jvm.dll+0x3d70a0]
V  [jvm.dll+0x3d3dfc]
V  [jvm.dll+0x3d1b5e]
V  [jvm.dll+0x28576a]
C  [msvcr100.dll+0x21d9f]
C  [msvcr100.dll+0x21e3b]
C  [kernel32.dll+0x159cd]
C  [ntdll.dll+0x2b891]


---------------  P R O C E S S  ---------------

Java Threads: ( => current thread )
  0x0000000059625800 JavaThread "http-nio-auto-1-exec-10" daemon [_thread_blocked, id=11948, stack(0x0000000065e80000,0x0000000065f80000)]
  0x0000000059626800 JavaThread "http-nio-auto-1-exec-9" daemon [_thread_blocked, id=10984, stack(0x0000000065fa0000,0x00000000660a0000)]
  0x0000000059625000 JavaThread "http-nio-auto-1-exec-8" daemon [_thread_blocked, id=9872, stack(0x0000000064b50000,0x0000000064c50000)]
  0x0000000059622000 JavaThread "http-nio-auto-1-exec-7" daemon [_thread_blocked, id=10896, stack(0x0000000064a40000,0x0000000064b40000)]
  0x0000000059621000 JavaThread "http-nio-auto-1-exec-6" daemon [_thread_blocked, id=11412, stack(0x00000000648c0000,0x00000000649c0000)]
  0x000000005b1ce000 JavaThread "http-nio-auto-1-exec-5" daemon [_thread_blocked, id=12076, stack(0x0000000064230000,0x0000000064330000)]
  0x000000005b1ce800 JavaThread "pool-6-thread-2" daemon [_thread_blocked, id=12148, stack(0x00000000644a0000,0x00000000645a0000)]
  0x000000005b1cd000 JavaThread "Connection pool clean up thread" daemon [_thread_blocked, id=9176, stack(0x0000000063fc0000,0x00000000640c0000)]
  0x000000005b1cc800 JavaThread "Connection pool clean up thread" daemon [_thread_blocked, id=11492, stack(0x0000000064120000,0x0000000064220000)]
  0x000000005b1cb800 JavaThread "DataPublisher" daemon [_thread_blocked, id=11724, stack(0x0000000063eb0000,0x0000000063fb0000)]
  0x000000005b1cb000 JavaThread "pool-6-thread-1" daemon [_thread_blocked, id=12072, stack(0x0000000063d60000,0x0000000063e60000)]
  0x000000005b1ca000 JavaThread "http-nio-auto-1-exec-4" daemon [_thread_blocked, id=10916, stack(0x00000000639e0000,0x0000000063ae0000)]
  0x000000005b1c8800 JavaThread "http-nio-auto-1-exec-3" daemon [_thread_blocked, id=10564, stack(0x0000000063280000,0x0000000063380000)]
  0x000000005b1c8000 JavaThread "http-nio-auto-1-exec-2" daemon [_thread_blocked, id=9668, stack(0x0000000063810000,0x0000000063910000)]
  0x000000005ef24000 JavaThread "http-nio-auto-1-exec-1" daemon [_thread_blocked, id=11168, stack(0x0000000062dd0000,0x0000000062ed0000)]
  0x000000005ef23000 JavaThread "pool-4-thread-1" [_thread_blocked, id=8528, stack(0x0000000062c20000,0x0000000062d20000)]
  0x000000005ef22800 JavaThread "ServoPollScheduler-3" daemon [_thread_blocked, id=10268, stack(0x000000005c130000,0x000000005c230000)]
  0x000000005ef21800 JavaThread "pool-5-thread-1" [_thread_blocked, id=10944, stack(0x0000000062a30000,0x0000000062b30000)]
  0x000000005ef21000 JavaThread "ServoPollScheduler-2" daemon [_thread_blocked, id=2988, stack(0x00000000574c0000,0x00000000575c0000)]
  0x000000005ef20000 JavaThread "ServoMonitorGetValueLimiter-0" daemon [_thread_blocked, id=3620, stack(0x00000000628b0000,0x00000000629b0000)]
  0x000000005ef1f800 JavaThread "DiscoveryClient-3" daemon [_thread_blocked, id=3420, stack(0x00000000626b0000,0x00000000627b0000)]
  0x000000005ef1e800 JavaThread "DiscoveryClient-2" daemon [_thread_blocked, id=9648, stack(0x000000005e230000,0x000000005e330000)]
  0x000000005ef1e000 JavaThread "DiscoveryClient-1" daemon [_thread_blocked, id=9220, stack(0x0000000062430000,0x0000000062530000)]
  0x000000005ef1d000 JavaThread "Eureka-JerseyClient-Conn-Cleaner2" daemon [_thread_blocked, id=10580, stack(0x0000000060dc0000,0x0000000060ec0000)]
  0x000000005a2f4800 JavaThread "DiscoveryClient-0" daemon [_thread_blocked, id=12120, stack(0x00000000620c0000,0x00000000621c0000)]
  0x000000005a2f4000 JavaThread "http-nio-auto-1-Acceptor-0" daemon [_thread_in_native, id=10424, stack(0x0000000060c60000,0x0000000060d60000)]
  0x000000005a2f3000 JavaThread "http-nio-auto-1-ClientPoller-1" daemon [_thread_in_native, id=10392, stack(0x0000000060ab0000,0x0000000060bb0000)]
  0x000000005a2f2000 JavaThread "http-nio-auto-1-ClientPoller-0" daemon [_thread_in_native, id=1736, stack(0x0000000060980000,0x0000000060a80000)]
  0x000000005a2f1800 JavaThread "NioBlockingSelector.BlockPoller-1" daemon [_thread_in_native, id=9512, stack(0x0000000060100000,0x0000000060200000)]
  0x000000005b57d800 JavaThread "ServoPollScheduler-1" daemon [_thread_blocked, id=11808, stack(0x0000000060380000,0x0000000060480000)]
  0x000000005d154000 JavaThread "ServoPollScheduler-0" daemon [_thread_blocked, id=3544, stack(0x0000000060200000,0x0000000060300000)]
  0x000000005b582000 JavaThread "Thread-4" daemon [_thread_in_native, id=11420, stack(0x000000005ff20000,0x0000000060020000)]
  0x000000005ae8f000 JavaThread "container-0" [_thread_blocked, id=9464, stack(0x000000005aa10000,0x000000005ab10000)]
  0x000000005ed34800 JavaThread "ContainerBackgroundProcessor[StandardEngine[Tomcat].StandardHost[localhost].StandardContext[]]" daemon [_thread_blocked, id=10084, stack(0x000000005d7d0000,0x000000005d8d0000)]
  0x0000000058e4f800 JavaThread "javamelody" daemon [_thread_blocked, id=9948, stack(0x000000005ea20000,0x000000005eb20000)]
  0x0000000056763800 JavaThread "Service Thread" daemon [_thread_blocked, id=11864, stack(0x0000000057770000,0x0000000057870000)]
  0x00000000566e2800 JavaThread "C1 CompilerThread2" daemon [_thread_blocked, id=8832, stack(0x0000000057650000,0x0000000057750000)]
  0x00000000566e1800 JavaThread "C2 CompilerThread1" daemon [_thread_blocked, id=10500, stack(0x0000000057380000,0x0000000057480000)]
  0x00000000566ea800 JavaThread "C2 CompilerThread0" daemon [_thread_blocked, id=9660, stack(0x0000000056cf0000,0x0000000056df0000)]
  0x00000000566d2800 JavaThread "JDWP Command Reader" daemon [_thread_in_native, id=10412, stack(0x0000000057220000,0x0000000057320000)]
  0x00000000566d1800 JavaThread "JDWP Event Helper Thread" daemon [_thread_blocked, id=10628, stack(0x00000000570f0000,0x00000000571f0000)]
  0x00000000566cc800 JavaThread "JDWP Transport Listener: dt_socket" daemon [_thread_blocked, id=10112, stack(0x0000000056f60000,0x0000000057060000)]
  0x00000000550f9800 JavaThread "Attach Listener" daemon [_thread_blocked, id=11804, stack(0x0000000056290000,0x0000000056390000)]
  0x00000000550f8800 JavaThread "Signal Dispatcher" daemon [_thread_blocked, id=10856, stack(0x0000000056ba0000,0x0000000056ca0000)]
  0x000000005509b800 JavaThread "Finalizer" daemon [_thread_blocked, id=11628, stack(0x00000000565c0000,0x00000000566c0000)]
  0x0000000055092000 JavaThread "Reference Handler" daemon [_thread_blocked, id=8736, stack(0x0000000056010000,0x0000000056110000)]
  0x00000000020ca000 JavaThread "main" [_thread_blocked, id=7124, stack(0x0000000002410000,0x0000000002510000)]

Other Threads:
  0x000000005508f000 VMThread [stack: 0x0000000056180000,0x0000000056280000] [id=11120]
  0x0000000056766000 WatcherThread [stack: 0x00000000578b0000,0x00000000579b0000] [id=11984]

=>0x00000000020df000 (exited) GCTaskThread [stack: 0x0000000011e60000,0x0000000011f60000] [id=9592]

VM state:at safepoint (normal execution)

VM Mutex/Monitor currently owned by a thread:  ([mutex/lock_event])
[0x00000000020c8880] Threads_lock - owner thread: 0x000000005508f000
[0x00000000020c8d80] Heap_lock - owner thread: 0x000000005ef21800

Heap:
 PSYoungGen      total 184320K, used 12032K [0x00000000eab00000, 0x00000000f9280000, 0x0000000100000000)
  eden space 139776K, 0% used [0x00000000eab00000,0x00000000eab00000,0x00000000f3380000)
  from space 44544K, 27% used [0x00000000f6700000,0x00000000f72c0000,0x00000000f9280000)
  to   space 48640K, 0% used [0x00000000f3380000,0x00000000f3380000,0x00000000f6300000)
 ParOldGen       total 400384K, used 325431K [0x00000000c0000000, 0x00000000d8700000, 0x00000000eab00000)
  object space 400384K, 81% used [0x00000000c0000000,0x00000000d3dcdee8,0x00000000d8700000)
 Metaspace       used 104446K, capacity 126723K, committed 126760K, reserved 1159168K
  class space    used 13251K, capacity 17803K, committed 17840K, reserved 1048576K

Card table byte_map: [0x0000000011ba0000,0x0000000011db0000] byte_map_base: 0x00000000115a0000

Marking Bits: (ParMarkBitMap*) 0x0000000065b2d4f0
 Begin Bits: [0x0000000012500000, 0x0000000013500000)
 End Bits:   [0x0000000013500000, 0x0000000014500000)

Polling page: 0x0000000000430000

CodeCache: size=245760Kb used=39411Kb max_used=40013Kb free=206348Kb
 bounds [0x00000000027e0000, 0x0000000004f70000, 0x00000000117e0000]
 total_blobs=10760 nmethods=10214 adapters=465
 compilation: enabled

Compilation events (10 events):
Event: 54494.421 Thread 0x00000000566e1800 12875   !   4       net.bull.javamelody.Counter::getErrors (37 bytes)
Event: 54494.435 Thread 0x00000000566e1800 nmethod 12875 0x00000000036ffc90 code [0x00000000036ffe00, 0x00000000037003d8]
Event: 54515.899 Thread 0x00000000566ea800 12876       4       com.sun.jersey.api.uri.UriBuilderImpl::appendPath (164 bytes)
Event: 54515.932 Thread 0x00000000566ea800 nmethod 12876 0x0000000004692f50 code [0x0000000004693140, 0x00000000046943d0]
Event: 54525.903 Thread 0x00000000566ea800 12877       4       com.sun.jersey.api.uri.UriBuilderImpl::path (11 bytes)
Event: 54525.904 Thread 0x00000000566ea800 nmethod 12877 0x0000000003d7c150 code [0x0000000003d7c2a0, 0x0000000003d7c348]
Event: 54555.922 Thread 0x00000000566e1800 12878   !   4       com.netflix.discovery.DiscoveryClient$HeartbeatThread::run (242 bytes)
Event: 54556.024 Thread 0x00000000566e1800 nmethod 12878 0x0000000004631510 code [0x0000000004631860, 0x0000000004633e88]
Event: 55429.094 Thread 0x00000000566ea800 12879       4       org.apache.http.impl.conn.tsccm.ThreadSafeClientConnManager::closeIdleConnections (59 bytes)
Event: 55429.174 Thread 0x00000000566ea800 nmethod 12879 0x0000000004610490 code [0x00000000046107c0, 0x0000000004612df8]

GC Heap History (10 events):
Event: 44060.605 GC heap after
Heap after GC invocations=54 (full 8):
 PSYoungGen      total 202240K, used 13760K [0x00000000eab00000, 0x00000000fb100000, 0x0000000100000000)
  eden space 148480K, 0% used [0x00000000eab00000,0x00000000eab00000,0x00000000f3c00000)
  from space 53760K, 25% used [0x00000000f7c80000,0x00000000f89f0030,0x00000000fb100000)
  to   space 59904K, 0% used [0x00000000f3c00000,0x00000000f3c00000,0x00000000f7680000)
 ParOldGen       total 400384K, used 323655K [0x00000000c0000000, 0x00000000d8700000, 0x00000000eab00000)
  object space 400384K, 80% used [0x00000000c0000000,0x00000000d3c11eb8,0x00000000d8700000)
 Metaspace       used 95729K, capacity 112910K, committed 113048K, reserved 1146880K
  class space    used 11973K, capacity 15500K, committed 15536K, reserved 1048576K
}
Event: 47311.731 GC heap before
{Heap before GC invocations=55 (full 8):
 PSYoungGen      total 202240K, used 162240K [0x00000000eab00000, 0x00000000fb100000, 0x0000000100000000)
  eden space 148480K, 100% used [0x00000000eab00000,0x00000000f3c00000,0x00000000f3c00000)
  from space 53760K, 25% used [0x00000000f7c80000,0x00000000f89f0030,0x00000000fb100000)
  to   space 59904K, 0% used [0x00000000f3c00000,0x00000000f3c00000,0x00000000f7680000)
 ParOldGen       total 400384K, used 323655K [0x00000000c0000000, 0x00000000d8700000, 0x00000000eab00000)
  object space 400384K, 80% used [0x00000000c0000000,0x00000000d3c11eb8,0x00000000d8700000)
 Metaspace       used 98189K, capacity 116810K, committed 117016K, reserved 1150976K
  class space    used 12334K, capacity 16150K, committed 16176K, reserved 1048576K
Event: 47311.774 GC heap after
Heap after GC invocations=55 (full 8):
 PSYoungGen      total 160768K, used 14400K [0x00000000eab00000, 0x00000000fa880000, 0x0000000100000000)
  eden space 145920K, 0% used [0x00000000eab00000,0x00000000eab00000,0x00000000f3980000)
  from space 14848K, 96% used [0x00000000f3c00000,0x00000000f4a10030,0x00000000f4a80000)
  to   space 56832K, 0% used [0x00000000f7100000,0x00000000f7100000,0x00000000fa880000)
 ParOldGen       total 400384K, used 323655K [0x00000000c0000000, 0x00000000d8700000, 0x00000000eab00000)
  object space 400384K, 80% used [0x00000000c0000000,0x00000000d3c11eb8,0x00000000d8700000)
 Metaspace       used 98189K, capacity 116810K, committed 117016K, reserved 1150976K
  class space    used 12334K, capacity 16150K, committed 16176K, reserved 1048576K
}
Event: 50508.936 GC heap before
{Heap before GC invocations=56 (full 8):
 PSYoungGen      total 160768K, used 160320K [0x00000000eab00000, 0x00000000fa880000, 0x0000000100000000)
  eden space 145920K, 100% used [0x00000000eab00000,0x00000000f3980000,0x00000000f3980000)
  from space 14848K, 96% used [0x00000000f3c00000,0x00000000f4a10030,0x00000000f4a80000)
  to   space 56832K, 0% used [0x00000000f7100000,0x00000000f7100000,0x00000000fa880000)
 ParOldGen       total 400384K, used 323655K [0x00000000c0000000, 0x00000000d8700000, 0x00000000eab00000)
  object space 400384K, 80% used [0x00000000c0000000,0x00000000d3c11eb8,0x00000000d8700000)
 Metaspace       used 100619K, capacity 120638K, committed 120728K, reserved 1153024K
  class space    used 12688K, capacity 16788K, committed 16816K, reserved 1048576K
Event: 50509.026 GC heap after
Heap after GC invocations=56 (full 8):
 PSYoungGen      total 192512K, used 14944K [0x00000000eab00000, 0x00000000fa080000, 0x0000000100000000)
  eden space 143872K, 0% used [0x00000000eab00000,0x00000000eab00000,0x00000000f3780000)
  from space 48640K, 30% used [0x00000000f7100000,0x00000000f7f98030,0x00000000fa080000)
  to   space 53760K, 0% used [0x00000000f3780000,0x00000000f3780000,0x00000000f6c00000)
 ParOldGen       total 400384K, used 323663K [0x00000000c0000000, 0x00000000d8700000, 0x00000000eab00000)
  object space 400384K, 80% used [0x00000000c0000000,0x00000000d3c13eb8,0x00000000d8700000)
 Metaspace       used 100619K, capacity 120638K, committed 120728K, reserved 1153024K
  class space    used 12688K, capacity 16788K, committed 16816K, reserved 1048576K
}
Event: 53663.757 GC heap before
{Heap before GC invocations=57 (full 8):
 PSYoungGen      total 192512K, used 158816K [0x00000000eab00000, 0x00000000fa080000, 0x0000000100000000)
  eden space 143872K, 100% used [0x00000000eab00000,0x00000000f3780000,0x00000000f3780000)
  from space 48640K, 30% used [0x00000000f7100000,0x00000000f7f98030,0x00000000fa080000)
  to   space 53760K, 0% used [0x00000000f3780000,0x00000000f3780000,0x00000000f6c00000)
 ParOldGen       total 400384K, used 323663K [0x00000000c0000000, 0x00000000d8700000, 0x00000000eab00000)
  object space 400384K, 80% used [0x00000000c0000000,0x00000000d3c13eb8,0x00000000d8700000)
 Metaspace       used 103000K, capacity 124424K, committed 124696K, reserved 1157120K
  class space    used 13038K, capacity 17419K, committed 17456K, reserved 1048576K
Event: 53663.802 GC heap after
Heap after GC invocations=57 (full 8):
 PSYoungGen      total 156672K, used 14432K [0x00000000eab00000, 0x00000000f9880000, 0x0000000100000000)
  eden space 141824K, 0% used [0x00000000eab00000,0x00000000eab00000,0x00000000f3580000)
  from space 14848K, 97% used [0x00000000f3780000,0x00000000f4598010,0x00000000f4600000)
  to   space 50688K, 0% used [0x00000000f6700000,0x00000000f6700000,0x00000000f9880000)
 ParOldGen       total 400384K, used 324719K [0x00000000c0000000, 0x00000000d8700000, 0x00000000eab00000)
  object space 400384K, 81% used [0x00000000c0000000,0x00000000d3d1bed8,0x00000000d8700000)
 Metaspace       used 103000K, capacity 124424K, committed 124696K, reserved 1157120K
  class space    used 13038K, capacity 17419K, committed 17456K, reserved 1048576K
}
Event: 55585.436 GC heap before
{Heap before GC invocations=58 (full 8):
 PSYoungGen      total 156672K, used 102891K [0x00000000eab00000, 0x00000000f9880000, 0x0000000100000000)
  eden space 141824K, 62% used [0x00000000eab00000,0x00000000f0162c38,0x00000000f3580000)
  from space 14848K, 97% used [0x00000000f3780000,0x00000000f4598010,0x00000000f4600000)
  to   space 50688K, 0% used [0x00000000f6700000,0x00000000f6700000,0x00000000f9880000)
 ParOldGen       total 400384K, used 324719K [0x00000000c0000000, 0x00000000d8700000, 0x00000000eab00000)
  object space 400384K, 81% used [0x00000000c0000000,0x00000000d3d1bed8,0x00000000d8700000)
 Metaspace       used 104446K, capacity 126723K, committed 126760K, reserved 1159168K
  class space    used 13251K, capacity 17803K, committed 17840K, reserved 1048576K
Event: 55585.517 GC heap after
Heap after GC invocations=58 (full 8):
 PSYoungGen      total 184320K, used 12032K [0x00000000eab00000, 0x00000000f9280000, 0x0000000100000000)
  eden space 139776K, 0% used [0x00000000eab00000,0x00000000eab00000,0x00000000f3380000)
  from space 44544K, 27% used [0x00000000f6700000,0x00000000f72c0000,0x00000000f9280000)
  to   space 48640K, 0% used [0x00000000f3380000,0x00000000f3380000,0x00000000f6300000)
 ParOldGen       total 400384K, used 325431K [0x00000000c0000000, 0x00000000d8700000, 0x00000000eab00000)
  object space 400384K, 81% used [0x00000000c0000000,0x00000000d3dcdee8,0x00000000d8700000)
 Metaspace       used 104446K, capacity 126723K, committed 126760K, reserved 1159168K
  class space    used 13251K, capacity 17803K, committed 17840K, reserved 1048576K
}
Event: 55585.518 GC heap before
{Heap before GC invocations=59 (full 9):
 PSYoungGen      total 184320K, used 12032K [0x00000000eab00000, 0x00000000f9280000, 0x0000000100000000)
  eden space 139776K, 0% used [0x00000000eab00000,0x00000000eab00000,0x00000000f3380000)
  from space 44544K, 27% used [0x00000000f6700000,0x00000000f72c0000,0x00000000f9280000)
  to   space 48640K, 0% used [0x00000000f3380000,0x00000000f3380000,0x00000000f6300000)
 ParOldGen       total 400384K, used 325431K [0x00000000c0000000, 0x00000000d8700000, 0x00000000eab00000)
  object space 400384K, 81% used [0x00000000c0000000,0x00000000d3dcdee8,0x00000000d8700000)
 Metaspace       used 104446K, capacity 126723K, committed 126760K, reserved 1159168K
  class space    used 13251K, capacity 17803K, committed 17840K, reserved 1048576K

Deoptimization events (10 events):
Event: 22682.329 Thread 0x000000005ef21800 Uncommon trap: reason=predicate action=maybe_recompile pc=0x000000000422d520 method=java.util.LinkedList.toArray([Ljava/lang/Object;)[Ljava/lang/Object; @ 45
Event: 23328.072 Thread 0x000000005ef21800 Uncommon trap: reason=array_check action=maybe_recompile pc=0x0000000004164904 method=java.util.LinkedList.toArray([Ljava/lang/Object;)[Ljava/lang/Object; @ 55
Event: 23333.076 Thread 0x000000005ef21800 Uncommon trap: reason=array_check action=maybe_recompile pc=0x0000000004164904 method=java.util.LinkedList.toArray([Ljava/lang/Object;)[Ljava/lang/Object; @ 55
Event: 23338.085 Thread 0x000000005ef21800 Uncommon trap: reason=array_check action=maybe_recompile pc=0x0000000004164904 method=java.util.LinkedList.toArray([Ljava/lang/Object;)[Ljava/lang/Object; @ 55
Event: 23343.092 Thread 0x000000005ef21800 Uncommon trap: reason=array_check action=maybe_recompile pc=0x0000000004164904 method=java.util.LinkedList.toArray([Ljava/lang/Object;)[Ljava/lang/Object; @ 55
Event: 23642.179 Thread 0x000000005a2f4800 Uncommon trap: reason=unreached action=reinterpret pc=0x00000000044d0728 method=java.util.concurrent.locks.AbstractQueuedSynchronizer.findNodeFromTail(Ljava/util/concurrent/locks/AbstractQueuedSynchronizer$Node;)Z @ 7
Event: 44414.518 Thread 0x0000000058e4f800 Uncommon trap: reason=unreached action=reinterpret pc=0x0000000004564a98 method=java.util.concurrent.ConcurrentHashMap.values()Ljava/util/Collection; @ 6
Event: 44414.519 Thread 0x0000000058e4f800 Uncommon trap: reason=unreached action=reinterpret pc=0x000000000328a908 method=java.util.concurrent.ConcurrentHashMap.values()Ljava/util/Collection; @ 6
Event: 44414.535 Thread 0x0000000058e4f800 Uncommon trap: reason=unreached action=reinterpret pc=0x0000000003bfd1f8 method=java.lang.ref.SoftReference.get()Ljava/lang/Object; @ 6
Event: 45528.954 Thread 0x000000005b1cc800 Uncommon trap: reason=bimorphic action=maybe_recompile pc=0x00000000049f951c method=java.util.concurrent.ThreadPoolExecutor.runWorker(Ljava/util/concurrent/ThreadPoolExecutor$Worker;)V @ 104

Internal exceptions (10 events):
Event: 55555.400 Thread 0x000000005ef21800 Exception <a 'java/net/SocketTimeoutException': Read timed out> (0x00000000efdd58c8) thrown at [C:\workspace\8-2-build-windows-amd64-cygwin\jdk8u31\2394\hotspot\src\share\vm\prims\jni.cpp, line 742]
Event: 55556.321 Thread 0x000000005ef23000 Exception <a 'java/net/SocketTimeoutException': Read timed out> (0x00000000efec7de8) thrown at [C:\workspace\8-2-build-windows-amd64-cygwin\jdk8u31\2394\hotspot\src\share\vm\prims\jni.cpp, line 742]
Event: 55560.405 Thread 0x000000005ef21800 Exception <a 'java/net/SocketTimeoutException': Read timed out> (0x00000000efde33e0) thrown at [C:\workspace\8-2-build-windows-amd64-cygwin\jdk8u31\2394\hotspot\src\share\vm\prims\jni.cpp, line 742]
Event: 55565.409 Thread 0x000000005ef21800 Exception <a 'java/net/SocketTimeoutException': Read timed out> (0x00000000efdf0ef8) thrown at [C:\workspace\8-2-build-windows-amd64-cygwin\jdk8u31\2394\hotspot\src\share\vm\prims\jni.cpp, line 742]
Event: 55566.325 Thread 0x000000005ef23000 Exception <a 'java/net/SocketTimeoutException': Read timed out> (0x00000000efed19c0) thrown at [C:\workspace\8-2-build-windows-amd64-cygwin\jdk8u31\2394\hotspot\src\share\vm\prims\jni.cpp, line 742]
Event: 55570.413 Thread 0x000000005ef21800 Exception <a 'java/net/SocketTimeoutException': Read timed out> (0x00000000efdfea10) thrown at [C:\workspace\8-2-build-windows-amd64-cygwin\jdk8u31\2394\hotspot\src\share\vm\prims\jni.cpp, line 742]
Event: 55575.418 Thread 0x000000005ef21800 Exception <a 'java/net/SocketTimeoutException': Read timed out> (0x00000000f00b8eb0) thrown at [C:\workspace\8-2-build-windows-amd64-cygwin\jdk8u31\2394\hotspot\src\share\vm\prims\jni.cpp, line 742]
Event: 55576.338 Thread 0x000000005ef23000 Exception <a 'java/net/SocketTimeoutException': Read timed out> (0x00000000efedb598) thrown at [C:\workspace\8-2-build-windows-amd64-cygwin\jdk8u31\2394\hotspot\src\share\vm\prims\jni.cpp, line 742]
Event: 55580.423 Thread 0x000000005ef21800 Exception <a 'java/net/SocketTimeoutException': Read timed out> (0x00000000f00c69c8) thrown at [C:\workspace\8-2-build-windows-amd64-cygwin\jdk8u31\2394\hotspot\src\share\vm\prims\jni.cpp, line 742]
Event: 55585.428 Thread 0x000000005ef21800 Exception <a 'java/net/SocketTimeoutException': Read timed out> (0x00000000f00d44e0) thrown at [C:\workspace\8-2-build-windows-amd64-cygwin\jdk8u31\2394\hotspot\src\share\vm\prims\jni.cpp, line 742]

Events (10 events):
Event: 55576.338 Thread 0x000000005ef23000 DEOPT UNPACKING pc=0x00000000028275bf sp=0x0000000062d1ea68 mode 1
Event: 55580.423 Thread 0x000000005ef21800 DEOPT PACKING pc=0x0000000004915894 sp=0x0000000062b2ece0
Event: 55580.423 Thread 0x000000005ef21800 DEOPT UNPACKING pc=0x00000000028275bf sp=0x0000000062b2e9a8 mode 1
Event: 55580.423 Thread 0x000000005ef21800 DEOPT PACKING pc=0x0000000004e57648 sp=0x0000000062b2ed80
Event: 55580.423 Thread 0x000000005ef21800 DEOPT UNPACKING pc=0x00000000028275bf sp=0x0000000062b2e968 mode 1
Event: 55585.428 Thread 0x000000005ef21800 DEOPT PACKING pc=0x0000000004915894 sp=0x0000000062b2ece0
Event: 55585.428 Thread 0x000000005ef21800 DEOPT UNPACKING pc=0x00000000028275bf sp=0x0000000062b2e9a8 mode 1
Event: 55585.428 Thread 0x000000005ef21800 DEOPT PACKING pc=0x0000000004e57648 sp=0x0000000062b2ed80
Event: 55585.428 Thread 0x000000005ef21800 DEOPT UNPACKING pc=0x00000000028275bf sp=0x0000000062b2e968 mode 1
Event: 55585.430 Executing VM operation: CollectForMetadataAllocation


Dynamic libraries:
0x000000013f1f0000 - 0x000000013f224000 	C:\Program Files\Java\jdk1.8.0_31\bin\java.exe
0x0000000077350000 - 0x00000000774f8000 	C:\Windows\SYSTEM32\ntdll.dll
0x0000000077230000 - 0x000000007734f000 	C:\Windows\system32\kernel32.dll
0x000007fefd150000 - 0x000007fefd1bc000 	C:\Windows\system32\KERNELBASE.dll
0x000007fefe9c0000 - 0x000007fefea9b000 	C:\Windows\system32\ADVAPI32.dll
0x000007fefe5b0000 - 0x000007fefe64f000 	C:\Windows\system32\msvcrt.dll
0x000007fefe380000 - 0x000007fefe39f000 	C:\Windows\SYSTEM32\sechost.dll
0x000007fefeaa0000 - 0x000007fefebcd000 	C:\Windows\system32\RPCRT4.dll
0x0000000077130000 - 0x000000007722a000 	C:\Windows\system32\USER32.dll
0x000007fefebd0000 - 0x000007fefec37000 	C:\Windows\system32\GDI32.dll
0x000007fefe960000 - 0x000007fefe96e000 	C:\Windows\system32\LPK.dll
0x000007fefe6b0000 - 0x000007fefe779000 	C:\Windows\system32\USP10.dll
0x000007fefb610000 - 0x000007fefb804000 	C:\Windows\WinSxS\amd64_microsoft.windows.common-controls_6595b64144ccf1df_6.0.7601.17514_none_fa396087175ac9ac\COMCTL32.dll
0x000007feff4d0000 - 0x000007feff541000 	C:\Windows\system32\SHLWAPI.dll
0x000007fefe930000 - 0x000007fefe95e000 	C:\Windows\system32\IMM32.DLL
0x000007feff550000 - 0x000007feff659000 	C:\Windows\system32\MSCTF.dll
0x0000000056410000 - 0x00000000564e2000 	C:\Program Files\Java\jdk1.8.0_31\jre\bin\msvcr100.dll
0x0000000065350000 - 0x0000000065baa000 	C:\Program Files\Java\jdk1.8.0_31\jre\bin\server\jvm.dll
0x000007fefb4a0000 - 0x000007fefb4a9000 	C:\Windows\system32\WSOCK32.dll
0x000007fefe970000 - 0x000007fefe9bd000 	C:\Windows\system32\WS2_32.dll
0x000007feff1d0000 - 0x000007feff1d8000 	C:\Windows\system32\NSI.dll
0x000007fefa740000 - 0x000007fefa77b000 	C:\Windows\system32\WINMM.dll
0x0000000077520000 - 0x0000000077527000 	C:\Windows\system32\PSAPI.DLL
0x00000000744e0000 - 0x00000000744ef000 	C:\Program Files\Java\jdk1.8.0_31\jre\bin\verify.dll
0x0000000073ee0000 - 0x0000000073f08000 	C:\Program Files\Java\jdk1.8.0_31\jre\bin\java.dll
0x00000000563d0000 - 0x0000000056405000 	C:\Program Files\Java\jdk1.8.0_31\jre\bin\jdwp.dll
0x0000000073420000 - 0x0000000073428000 	C:\Program Files\Java\jdk1.8.0_31\jre\bin\npt.dll
0x0000000073ec0000 - 0x0000000073ed6000 	C:\Program Files\Java\jdk1.8.0_31\jre\bin\zip.dll
0x000007fefd5f0000 - 0x000007fefe379000 	C:\Windows\system32\SHELL32.dll
0x000007fefe3a0000 - 0x000007fefe5a3000 	C:\Windows\system32\ole32.dll
0x000007fefd120000 - 0x000007fefd12f000 	C:\Windows\system32\profapi.dll
0x0000000073430000 - 0x0000000073439000 	C:\Program Files\Java\jdk1.8.0_31\jre\bin\dt_socket.dll
0x000007fefc8f0000 - 0x000007fefc945000 	C:\Windows\system32\mswsock.dll
0x000007fefc2d0000 - 0x000007fefc2d7000 	C:\Windows\System32\wshtcpip.dll
0x0000000073a70000 - 0x0000000073a8a000 	C:\Program Files\Java\jdk1.8.0_31\jre\bin\net.dll
0x000007fefc8e0000 - 0x000007fefc8e7000 	C:\Windows\System32\wship6.dll
0x0000000073a50000 - 0x0000000073a61000 	C:\Program Files\Java\jdk1.8.0_31\jre\bin\nio.dll
0x0000000073a40000 - 0x0000000073a4d000 	C:\Program Files\Java\jdk1.8.0_31\jre\bin\management.dll
0x000007fefbcc0000 - 0x000007fefbcd5000 	C:\Windows\system32\NLAapi.dll
0x000007feeede0000 - 0x000007feeedf5000 	C:\Windows\system32\napinsp.dll
0x000007feeedc0000 - 0x000007feeedd9000 	C:\Windows\system32\pnrpnsp.dll
0x000007fefc770000 - 0x000007fefc7cb000 	C:\Windows\system32\DNSAPI.dll
0x000007feeedb0000 - 0x000007feeedbb000 	C:\Windows\System32\winrnr.dll
0x000007feeed90000 - 0x000007feeeda0000 	C:\Windows\system32\wshbth.dll
0x000007fefb470000 - 0x000007fefb497000 	C:\Windows\system32\IPHLPAPI.DLL
0x000007fefb460000 - 0x000007fefb46b000 	C:\Windows\system32\WINNSI.DLL
0x000007fef7580000 - 0x000007fef7588000 	C:\Windows\system32\rasadhlp.dll
0x000007fef9fa0000 - 0x000007fef9ff3000 	C:\Windows\System32\fwpuclnt.dll
0x000007fefc950000 - 0x000007fefc968000 	C:\Windows\system32\CRYPTSP.dll
0x000007fefc650000 - 0x000007fefc697000 	C:\Windows\system32\rsaenh.dll
0x000007fefd260000 - 0x000007fefd27e000 	C:\Windows\system32\USERENV.dll
0x000007fefcfb0000 - 0x000007fefcfbf000 	C:\Windows\system32\CRYPTBASE.dll
0x000007fef9ce0000 - 0x000007fef9cf1000 	C:\Windows\system32\dhcpcsvc6.DLL
0x000007fefa190000 - 0x000007fefa1a8000 	C:\Windows\system32\dhcpcsvc.DLL
0x0000000073ae0000 - 0x0000000073c78000 	C:\Program Files\Java\jdk1.8.0_31\jre\bin\awt.dll
0x000007feff0f0000 - 0x000007feff1c7000 	C:\Windows\system32\OLEAUT32.dll
0x0000000067f90000 - 0x0000000067fb4000 	C:\Program Files\Java\jdk1.8.0_31\jre\bin\sunec.dll
0x000007fefb4b0000 - 0x000007fefb5d5000 	C:\Windows\system32\dbghelp.dll

VM Arguments:
jvm_args: -agentlib:jdwp=transport=dt_socket,address=127.0.0.1:56306,suspend=y,server=n -Xmx1024m -XX:MaxPermSize=128m -Dmaven.home=C:\Software\apache-maven-3.2.3 -Dclassworlds.conf=C:\Software\apache-maven-3.2.3\bin\m2.conf -Dfile.encoding=UTF-8 
java_command: org.codehaus.classworlds.Launcher -Didea.version=14.0.1 clean spring-boot:run
java_class_path (initial): C:\Software\apache-maven-3.2.3\boot\plexus-classworlds-2.5.1.jar;C:\Program Files (x86)\JetBrains\IntelliJ IDEA 14.0.1\lib\idea_rt.jar
Launcher Type: SUN_STANDARD

Environment Variables:
JAVA_HOME=C:\Program Files\Java\jdk1.6.0_26
USERNAME=olivernoguera
OS=Windows_NT
PROCESSOR_IDENTIFIER=Intel64 Family 6 Model 69 Stepping 1, GenuineIntel



---------------  S Y S T E M  ---------------

OS: Windows 7 , 64 bit Build 7601 Service Pack 1

CPU:total 4 (2 cores per cpu, 2 threads per core) family 6 model 69 stepping 1, cmov, cx8, fxsr, mmx, sse, sse2, sse3, ssse3, sse4.1, sse4.2, popcnt, avx, avx2, aes, clmul, erms, lzcnt, ht, tsc, tscinvbit, bmi1, bmi2

Memory: 4k page, physical 7142604k(1771612k free), swap 15435252k(2536148k free)

vm_info: Java HotSpot(TM) 64-Bit Server VM (25.31-b07) for windows-amd64 JRE (1.8.0_31-b13), built on Dec 17 2014 21:00:28 by "java_re" with MS VC++ 10.0 (VS2010)

time: Wed May 06 03:06:36 2015
elapsed time: 55585 seconds (0d 15h 26m 25s)

